<?xml version="1.0" encoding="UTF-8"?>
<!-- Generated by org.testng.reporters.JUnitReportReporter -->
<testsuite hostname="DESKTOP-R949FD7" failures="0" tests="3" name="Annotations.BAclass" time="10.272" errors="0" timestamp="2021-06-15T00:47:59 IST" skipped="0">
  <testcase classname="Annotations.BAclass" name="test2" time="3.151"/>
  <system-out/>
  <testcase classname="Annotations.BAclass" name="test3" time="3.089"/>
  <system-out/>
  <testcase classname="Annotations.BAclass" name="test1" time="4.032"/>
  <system-out/>
</testsuite> <!-- Annotations.BAclass -->
