<?xml version="1.0" encoding="UTF-8"?>
<!-- Generated by org.testng.reporters.JUnitReportReporter -->
<testsuite hostname="DESKTOP-R949FD7" failures="0" tests="2" name="Annotations.GroupTest" time="19.025" errors="0" timestamp="2021-06-17T00:03:37 IST" skipped="0">
  <testcase classname="Annotations.GroupTest" name="test1" time="6.621"/>
  <system-out/>
  <testcase classname="Annotations.GroupTest" name="test2" time="12.404"/>
  <system-out/>
</testsuite> <!-- Annotations.GroupTest -->
