<?xml version="1.0" encoding="UTF-8"?>
<!-- Generated by org.testng.reporters.JUnitReportReporter -->
<testsuite hostname="DESKTOP-R949FD7" failures="0" tests="3" name="Annotations.BAmethod" time="74.370" errors="0" timestamp="2021-06-15T00:47:59 IST" skipped="0">
  <testcase classname="Annotations.BAmethod" name="test3" time="23.825"/>
  <system-out/>
  <testcase classname="Annotations.BAmethod" name="test1" time="24.799"/>
  <system-out/>
  <testcase classname="Annotations.BAmethod" name="test2" time="25.746"/>
  <system-out/>
</testsuite> <!-- Annotations.BAmethod -->
