<?xml version="1.0" encoding="UTF-8"?>
<!-- Generated by org.testng.reporters.JUnitReportReporter -->
<testsuite hostname="DESKTOP-R949FD7" failures="0" tests="2" name="Annotations.RegularExpression" time="20.654" errors="0" timestamp="2021-06-17T00:15:32 IST" skipped="0">
  <testcase classname="Annotations.RegularExpression" name="test2" time="8.682"/>
  <system-out/>
  <testcase classname="Annotations.RegularExpression" name="test1" time="11.972"/>
  <system-out/>
</testsuite> <!-- Annotations.RegularExpression -->
