<?xml version="1.0" encoding="UTF-8"?>
<!-- Generated by org.testng.reporters.JUnitReportReporter -->
<testsuite hostname="DESKTOP-R949FD7" failures="0" tests="2" name="Annotations.skip" time="11.208" errors="0" timestamp="2021-06-18T12:33:30 IST" skipped="1">
  <testcase classname="Annotations.skip" name="nonskip" time="11.206"/>
  <system-out/>
  <testcase classname="Annotations.skip" name="skip" time="0.002">
    <skipped/>
  </testcase> <!-- skip -->
  <system-out/>
</testsuite> <!-- Annotations.skip -->
