<?xml version="1.0" encoding="UTF-8"?>
<!-- Generated by org.testng.reporters.JUnitReportReporter -->
<testsuite hostname="DESKTOP-R949FD7" failures="0" tests="2" name="parallel.mulbrow" time="26.353" errors="0" timestamp="2021-06-17T14:58:20 IST" skipped="0">
  <testcase classname="parallel.mulbrow" name="test1" time="16.912"/>
  <system-out/>
  <testcase classname="parallel.mulbrow" name="test2" time="9.441"/>
  <system-out/>
</testsuite> <!-- parallel.mulbrow -->
