<?xml version="1.0" encoding="UTF-8"?>
<!-- Generated by org.testng.reporters.JUnitReportReporter -->
<testsuite hostname="DESKTOP-R949FD7" failures="0" tests="3" name="Annotations.IgnoreTest" time="30.990" errors="0" timestamp="2021-06-16T20:04:38 IST" skipped="0">
  <testcase classname="Annotations.IgnoreTest" name="test2" time="7.936"/>
  <system-out/>
  <testcase classname="Annotations.IgnoreTest" name="test3" time="15.301"/>
  <system-out/>
  <testcase classname="Annotations.IgnoreTest" name="test1" time="7.753"/>
  <system-out/>
</testsuite> <!-- Annotations.IgnoreTest -->
