<?xml version="1.0" encoding="UTF-8"?>
<!-- Generated by org.testng.reporters.JUnitReportReporter -->
<testsuite hostname="DESKTOP-R949FD7" failures="0" tests="4" name="dataprovider.loginpage" time="58.498" errors="0" timestamp="2021-06-21T14:58:04 IST" skipped="0">
  <testcase classname="dataprovider.loginpage" name="test" time="5.766"/>
  <system-out/>
  <testcase classname="dataprovider.loginpage" name="test" time="5.172"/>
  <system-out/>
  <testcase classname="dataprovider.loginpage" name="test" time="6.374"/>
  <system-out/>
  <testcase classname="dataprovider.loginpage" name="test" time="41.186"/>
  <system-out/>
</testsuite> <!-- dataprovider.loginpage -->
