<?xml version="1.0" encoding="UTF-8"?>
<!-- Generated by org.testng.reporters.JUnitReportReporter -->
<testsuite hostname="DESKTOP-R949FD7" failures="0" tests="1" name="Asserts.assertstring" time="25.584" errors="0" timestamp="2021-06-17T13:45:42 IST" skipped="0">
  <testcase classname="Asserts.assertstring" name="test" time="25.584"/>
  <system-out/>
</testsuite> <!-- Asserts.assertstring -->
