<?xml version="1.0" encoding="UTF-8"?>
<!-- Generated by org.testng.reporters.JUnitReportReporter -->
<testsuite hostname="DESKTOP-R949FD7" failures="0" tests="3" name="Annotations.BSAclass" time="17.116" errors="0" timestamp="2021-06-15T00:41:03 IST" skipped="0">
  <testcase classname="Annotations.BSAclass" name="test1" time="10.337"/>
  <system-out/>
  <testcase classname="Annotations.BSAclass" name="test3" time="3.160"/>
  <system-out/>
  <testcase classname="Annotations.BSAclass" name="test2" time="3.619"/>
  <system-out/>
</testsuite> <!-- Annotations.BSAclass -->
