<?xml version="1.0" encoding="UTF-8"?>
<!-- Generated by org.testng.reporters.JUnitReportReporter -->
<testsuite hostname="DESKTOP-R949FD7" failures="0" tests="1" name="Asserts.asserttrue" time="8.687" errors="0" timestamp="2021-06-17T12:48:34 IST" skipped="0">
  <testcase classname="Asserts.asserttrue" name="test" time="8.687"/>
  <system-out/>
</testsuite> <!-- Asserts.asserttrue -->
