<?xml version="1.0" encoding="UTF-8"?>
<!-- Generated by org.testng.reporters.JUnitReportReporter -->
<testsuite hostname="DESKTOP-R949FD7" failures="0" tests="1" name="Annotations.BAsuite" time="9.218" errors="0" timestamp="2021-06-15T00:47:59 IST" skipped="0">
  <testcase classname="Annotations.BAsuite" name="f" time="9.218"/>
  <system-out/>
</testsuite> <!-- Annotations.BAsuite -->
