<?xml version="1.0" encoding="UTF-8"?>
<!-- Generated by org.testng.reporters.JUnitReportReporter -->
<testsuite hostname="DESKTOP-R949FD7" failures="0" tests="2" name="Annotations.priority" time="31.697" errors="0" timestamp="2021-06-16T20:14:09 IST" skipped="0">
  <testcase classname="Annotations.priority" name="test2" time="14.233"/>
  <system-out/>
  <testcase classname="Annotations.priority" name="test1" time="17.464"/>
  <system-out/>
</testsuite> <!-- Annotations.priority -->
